<?xml version="1.0" encoding="UTF-8"?>
<!-- Generated by org.testng.reporters.JUnitReportReporter -->
<testsuite hostname="LAPTOP-SBMFI0I6" name="jenkinsMvn.RESTAPITest" tests="3" failures="0" timestamp="11 May 2021 20:00:41 GMT" time="0.006" errors="0">
  <testcase name="deleteTwitter" time="0.006" classname="jenkinsMvn.RESTAPITest"/>
  <testcase name="postJira" time="0.000" classname="jenkinsMvn.RESTAPITest"/>
  <testcase name="deleteTwitter12" time="0.000" classname="jenkinsMvn.RESTAPITest"/>
</testsuite> <!-- jenkinsMvn.RESTAPITest -->
