<?xml version="1.0" encoding="UTF-8"?>
<!-- Generated by org.testng.reporters.JUnitReportReporter -->
<testsuite hostname="LAPTOP-SBMFI0I6" name="jenkinsMvn.SeleniumTest" tests="4" failures="0" timestamp="11 May 2021 20:00:41 GMT" time="0.000" errors="0">
  <testcase name="elementsUi" time="0.000" classname="jenkinsMvn.SeleniumTest"/>
  <testcase name="BrowserAUtomation" time="0.000" classname="jenkinsMvn.SeleniumTest"/>
  <testcase name="elementsU1ssi" time="0.000" classname="jenkinsMvn.SeleniumTest"/>
  <testcase name="elementsU1i" time="0.000" classname="jenkinsMvn.SeleniumTest"/>
</testsuite> <!-- jenkinsMvn.SeleniumTest -->
